<?xml version="1.0" encoding="UTF-8"?>
<!-- Generated by org.testng.reporters.JUnitXMLReporter -->
<testsuite ignored="0" hostname="Prasath17" failures="0" tests="7" name="completeframework" time="97.822" errors="0" timestamp="2023-06-08T10:35:18 IST">
  <testcase classname="com.ecommerce.testcases.TC_002_ExcelTest" name="LoginErrorValidation" time="0.405"/>
  <testcase classname="com.ecommerce.testcases.TC_002_ExcelTest" name="LoginErrorValidation" time="0.387"/>
  <testcase classname="com.ecommerce.testcases.TC_001_LoginTest" name="loginErrorValidate" time="0.75"/>
  <testcase classname="com.ecommerce.testcases.TC_001_LoginTest" name="loginValidation" time="0.396"/>
  <testcase classname="com.ecommerce.testcases.TC_003_JsonTest" name="submitOrder" time="24.423"/>
  <testcase classname="com.ecommerce.testcases.TC_003_JsonTest" name="submitOrder" time="22.211"/>
  <testcase classname="com.ecommerce.testcases.TC_003_JsonTest" name="orderHistoryTest" time="2.602"/>
</testsuite> <!-- completeframework -->
