<?xml version="1.0" encoding="UTF-8"?>
<!-- Generated by org.testng.reporters.JUnitXMLReporter -->
<testsuite ignored="0" hostname="Prasath17" failures="0" tests="3" name="Json_Test" time="51.844" errors="0" timestamp="2023-06-07T11:11:05 IST">
  <testcase classname="com.ecommerce.testcases.TC_003_JsonTest" name="submitOrder" time="19.787"/>
  <testcase classname="com.ecommerce.testcases.TC_003_JsonTest" name="submitOrder" time="6.549"/>
  <testcase classname="com.ecommerce.testcases.TC_003_JsonTest" name="orderHistoryTest" time="1.579"/>
</testsuite> <!-- Json_Test -->
