<?xml version="1.0" encoding="UTF-8"?>
<!-- Generated by org.testng.reporters.JUnitXMLReporter -->
<testsuite ignored="0" hostname="Prasath17" failures="0" tests="2" name="Login_validation_Test" time="19.177" errors="0" timestamp="2023-06-07T11:10:13 IST">
  <testcase classname="com.ecommerce.testcases.TC_001_LoginTest" name="loginErrorValidate" time="0.922"/>
  <testcase classname="com.ecommerce.testcases.TC_001_LoginTest" name="loginValidation" time="3.384"/>
</testsuite> <!-- Login_validation_Test -->
