<?xml version="1.0" encoding="UTF-8"?>
<!-- Generated by org.testng.reporters.JUnitXMLReporter -->
<testsuite ignored="0" hostname="Prasath17" failures="0" tests="3" name="Test" time="46.717" errors="0" timestamp="2023-06-07T14:30:51 IST">
  <testcase classname="com.ecommerce.testcases.TC_003_JsonTest" name="submitOrder" time="15.285"/>
  <testcase classname="com.ecommerce.testcases.TC_003_JsonTest" name="submitOrder" time="15.387"/>
  <testcase classname="com.ecommerce.testcases.TC_003_JsonTest" name="orderHistoryTest" time="0.954"/>
</testsuite> <!-- Test -->
