<?xml version="1.0" encoding="UTF-8"?>
<!-- Generated by org.testng.reporters.JUnitXMLReporter -->
<testsuite ignored="0" hostname="Prasath17" failures="0" tests="7" name="completeframework" time="77.457" errors="0" timestamp="2023-06-08T10:17:02 IST">
  <testcase classname="com.ecommerce.testcases.TC_002_ExcelTest" name="LoginErrorValidation" time="0.421"/>
  <testcase classname="com.ecommerce.testcases.TC_002_ExcelTest" name="LoginErrorValidation" time="0.333"/>
  <testcase classname="com.ecommerce.testcases.TC_001_LoginTest" name="loginErrorValidate" time="0.767"/>
  <testcase classname="com.ecommerce.testcases.TC_001_LoginTest" name="loginValidation" time="0.372"/>
  <testcase classname="com.ecommerce.testcases.TC_003_JsonTest" name="submitOrder" time="20.587"/>
  <testcase classname="com.ecommerce.testcases.TC_003_JsonTest" name="submitOrder" time="20.262"/>
  <testcase classname="com.ecommerce.testcases.TC_003_JsonTest" name="orderHistoryTest" time="0.909"/>
</testsuite> <!-- completeframework -->
