<?xml version="1.0" encoding="UTF-8"?>
<testng-results ignored="0" total="7" passed="7" failed="0" skipped="0">
  <reporter-output>
  </reporter-output>
  <suite started-at="2023-06-08T10:15:45 IST" name="Suite" finished-at="2023-06-08T10:17:02 IST" duration-ms="77457">
    <groups>
    </groups>
    <test started-at="2023-06-08T10:15:45 IST" name="completeframework" finished-at="2023-06-08T10:17:02 IST" duration-ms="77457">
      <class name="com.ecommerce.testcases.TC_003_JsonTest">
        <test-method is-config="true" signature="launchApplication()[pri:0, instance:com.ecommerce.testcases.TC_003_JsonTest@3aa078fd]" started-at="2023-06-08T10:16:07 IST" name="launchApplication" finished-at="2023-06-08T10:16:12 IST" duration-ms="4421" status="PASS">
          <reporter-output>
          </reporter-output>
        </test-method> <!-- launchApplication -->
        <test-method signature="submitOrder(java.util.HashMap)[pri:0, instance:com.ecommerce.testcases.TC_003_JsonTest@3aa078fd]" started-at="2023-06-08T10:16:12 IST" name="submitOrder" data-provider="getData" finished-at="2023-06-08T10:16:32 IST" duration-ms="20587" status="PASS">
          <params>
            <param index="0">
              <value>
                <![CDATA[{password=P@vilion5, product=IPHONE 13 PRO, email=automation2023@gmail.com}]]>
              </value>
            </param>
          </params>
          <reporter-output>
          </reporter-output>
        </test-method> <!-- submitOrder -->
        <test-method is-config="true" signature="tearDown()[pri:0, instance:com.ecommerce.testcases.TC_003_JsonTest@3aa078fd]" started-at="2023-06-08T10:16:32 IST" name="tearDown" finished-at="2023-06-08T10:16:32 IST" duration-ms="84" status="PASS">
          <reporter-output>
          </reporter-output>
        </test-method> <!-- tearDown -->
        <test-method is-config="true" signature="launchApplication()[pri:0, instance:com.ecommerce.testcases.TC_003_JsonTest@3aa078fd]" started-at="2023-06-08T10:16:32 IST" name="launchApplication" finished-at="2023-06-08T10:16:37 IST" duration-ms="4250" status="PASS">
          <reporter-output>
          </reporter-output>
        </test-method> <!-- launchApplication -->
        <test-method signature="submitOrder(java.util.HashMap)[pri:0, instance:com.ecommerce.testcases.TC_003_JsonTest@3aa078fd]" started-at="2023-06-08T10:16:37 IST" name="submitOrder" data-provider="getData" finished-at="2023-06-08T10:16:57 IST" duration-ms="20262" status="PASS">
          <params>
            <param index="0">
              <value>
                <![CDATA[{password=P@vilion5, product=ADIDAS ORIGINAL, email=automation2023@gmail.com}]]>
              </value>
            </param>
          </params>
          <reporter-output>
          </reporter-output>
        </test-method> <!-- submitOrder -->
        <test-method is-config="true" signature="tearDown()[pri:0, instance:com.ecommerce.testcases.TC_003_JsonTest@3aa078fd]" started-at="2023-06-08T10:16:57 IST" name="tearDown" finished-at="2023-06-08T10:16:57 IST" duration-ms="83" status="PASS">
          <reporter-output>
          </reporter-output>
        </test-method> <!-- tearDown -->
        <test-method is-config="true" signature="launchApplication()[pri:0, instance:com.ecommerce.testcases.TC_003_JsonTest@3aa078fd]" started-at="2023-06-08T10:16:57 IST" name="launchApplication" finished-at="2023-06-08T10:17:01 IST" duration-ms="4192" status="PASS">
          <reporter-output>
          </reporter-output>
        </test-method> <!-- launchApplication -->
        <test-method signature="orderHistoryTest()[pri:0, instance:com.ecommerce.testcases.TC_003_JsonTest@3aa078fd]" started-at="2023-06-08T10:17:01 IST" name="orderHistoryTest" finished-at="2023-06-08T10:17:02 IST" depends-on-methods="com.ecommerce.testcases.TC_003_JsonTest.submitOrder" duration-ms="909" status="PASS">
          <reporter-output>
          </reporter-output>
        </test-method> <!-- orderHistoryTest -->
        <test-method is-config="true" signature="tearDown()[pri:0, instance:com.ecommerce.testcases.TC_003_JsonTest@3aa078fd]" started-at="2023-06-08T10:17:02 IST" name="tearDown" finished-at="2023-06-08T10:17:02 IST" duration-ms="87" status="PASS">
          <reporter-output>
          </reporter-output>
        </test-method> <!-- tearDown -->
      </class> <!-- com.ecommerce.testcases.TC_003_JsonTest -->
      <class name="com.ecommerce.testcases.TC_002_ExcelTest">
        <test-method is-config="true" signature="launchApplication()[pri:0, instance:com.ecommerce.testcases.TC_002_ExcelTest@33ecda92]" started-at="2023-06-08T10:15:46 IST" name="launchApplication" finished-at="2023-06-08T10:15:52 IST" duration-ms="6391" status="PASS">
          <reporter-output>
          </reporter-output>
        </test-method> <!-- launchApplication -->
        <test-method signature="LoginErrorValidation(java.lang.String,java.lang.String)[pri:0, instance:com.ecommerce.testcases.TC_002_ExcelTest@33ecda92]" started-at="2023-06-08T10:15:52 IST" name="LoginErrorValidation" data-provider="LoginData" finished-at="2023-06-08T10:15:52 IST" duration-ms="421" status="PASS">
          <params>
            <param index="0">
              <value>
                <![CDATA[automation2023@gmail.com]]>
              </value>
            </param>
            <param index="1">
              <value>
                <![CDATA[P@vilion5]]>
              </value>
            </param>
          </params>
          <reporter-output>
          </reporter-output>
        </test-method> <!-- LoginErrorValidation -->
        <test-method is-config="true" signature="tearDown()[pri:0, instance:com.ecommerce.testcases.TC_002_ExcelTest@33ecda92]" started-at="2023-06-08T10:15:52 IST" name="tearDown" finished-at="2023-06-08T10:15:52 IST" duration-ms="96" status="PASS">
          <reporter-output>
          </reporter-output>
        </test-method> <!-- tearDown -->
        <test-method is-config="true" signature="launchApplication()[pri:0, instance:com.ecommerce.testcases.TC_002_ExcelTest@33ecda92]" started-at="2023-06-08T10:15:52 IST" name="launchApplication" finished-at="2023-06-08T10:15:57 IST" duration-ms="4401" status="PASS">
          <reporter-output>
          </reporter-output>
        </test-method> <!-- launchApplication -->
        <test-method signature="LoginErrorValidation(java.lang.String,java.lang.String)[pri:0, instance:com.ecommerce.testcases.TC_002_ExcelTest@33ecda92]" started-at="2023-06-08T10:15:57 IST" name="LoginErrorValidation" data-provider="LoginData" finished-at="2023-06-08T10:15:57 IST" duration-ms="333" status="PASS">
          <params>
            <param index="0">
              <value>
                <![CDATA[shetty@gmail.com]]>
              </value>
            </param>
            <param index="1">
              <value>
                <![CDATA[Iamking@000]]>
              </value>
            </param>
          </params>
          <reporter-output>
          </reporter-output>
        </test-method> <!-- LoginErrorValidation -->
        <test-method is-config="true" signature="tearDown()[pri:0, instance:com.ecommerce.testcases.TC_002_ExcelTest@33ecda92]" started-at="2023-06-08T10:15:57 IST" name="tearDown" finished-at="2023-06-08T10:15:57 IST" duration-ms="78" status="PASS">
          <reporter-output>
          </reporter-output>
        </test-method> <!-- tearDown -->
      </class> <!-- com.ecommerce.testcases.TC_002_ExcelTest -->
      <class name="com.ecommerce.testcases.TC_001_LoginTest">
        <test-method is-config="true" signature="launchApplication()[pri:0, instance:com.ecommerce.testcases.TC_001_LoginTest@475c9c31]" started-at="2023-06-08T10:15:57 IST" name="launchApplication" finished-at="2023-06-08T10:16:02 IST" duration-ms="4269" status="PASS">
          <reporter-output>
          </reporter-output>
        </test-method> <!-- launchApplication -->
        <test-method signature="loginErrorValidate()[pri:0, instance:com.ecommerce.testcases.TC_001_LoginTest@475c9c31]" started-at="2023-06-08T10:16:02 IST" name="loginErrorValidate" finished-at="2023-06-08T10:16:02 IST" duration-ms="767" status="PASS">
          <reporter-output>
          </reporter-output>
        </test-method> <!-- loginErrorValidate -->
        <test-method is-config="true" signature="tearDown()[pri:0, instance:com.ecommerce.testcases.TC_001_LoginTest@475c9c31]" started-at="2023-06-08T10:16:02 IST" name="tearDown" finished-at="2023-06-08T10:16:02 IST" duration-ms="89" status="PASS">
          <reporter-output>
          </reporter-output>
        </test-method> <!-- tearDown -->
        <test-method is-config="true" signature="launchApplication()[pri:0, instance:com.ecommerce.testcases.TC_001_LoginTest@475c9c31]" started-at="2023-06-08T10:16:02 IST" name="launchApplication" finished-at="2023-06-08T10:16:07 IST" duration-ms="4227" status="PASS">
          <reporter-output>
          </reporter-output>
        </test-method> <!-- launchApplication -->
        <test-method signature="loginValidation()[pri:0, instance:com.ecommerce.testcases.TC_001_LoginTest@475c9c31]" started-at="2023-06-08T10:16:07 IST" name="loginValidation" finished-at="2023-06-08T10:16:07 IST" duration-ms="372" status="PASS">
          <reporter-output>
          </reporter-output>
        </test-method> <!-- loginValidation -->
        <test-method is-config="true" signature="tearDown()[pri:0, instance:com.ecommerce.testcases.TC_001_LoginTest@475c9c31]" started-at="2023-06-08T10:16:07 IST" name="tearDown" finished-at="2023-06-08T10:16:07 IST" duration-ms="62" status="PASS">
          <reporter-output>
          </reporter-output>
        </test-method> <!-- tearDown -->
      </class> <!-- com.ecommerce.testcases.TC_001_LoginTest -->
    </test> <!-- completeframework -->
  </suite> <!-- Suite -->
</testng-results>
