<?xml version="1.0" encoding="UTF-8"?>
<testsuite xmlns:xsi="http://www.w3.org/2001/XMLSchema-instance" xsi:noNamespaceSchemaLocation="https://maven.apache.org/surefire/maven-surefire-plugin/xsd/surefire-test-report-3.0.xsd" version="3.0" name="TestSuite" time="78.892" tests="7" errors="0" skipped="0" failures="0">
  <properties>
[...]
</properties>
  <testcase name="LoginErrorValidation[automation2023@gmail.com, P@vilion5](1)" classname="com.ecommerce.testcases.TC_002_ExcelTest" time="0.417">
    <system-out><![CDATA[06-08-2023 10:15:49 Base.java INFO  [main] testcomponents.Base 79 - ******browser launched****
06-08-2023 10:15:52 Base.java INFO  [main] testcomponents.Base 83 - ****entered into the url*****
06-08-2023 10:15:52 TC_002_ExcelTest.java INFO  [main] testcomponents.Base 43 - ******login data from excel*****
]]></system-out>
    <system-err><![CDATA[Jun 08, 2023 10:15:46 AM org.openqa.selenium.manager.SeleniumManager getDriverPath
INFO: Applicable driver not found; attempting to install with Selenium Manager (Beta)
SLF4J: No SLF4J providers were found.
SLF4J: Defaulting to no-operation (NOP) logger implementation
SLF4J: See https://www.slf4j.org/codes.html#noProviders for further details.
Starting ChromeDriver 114.0.5735.90 (386bc09e8f4f2e025eddae123f36f6263096ae49-refs/branch-heads/5735@{#1052}) on port 37061
Only local connections are allowed.
Please see https://chromedriver.chromium.org/security-considerations for suggestions on keeping ChromeDriver safe.
ChromeDriver was started successfully.
Jun 08, 2023 10:15:48 AM org.openqa.selenium.devtools.CdpVersionFinder findNearestMatch
WARNING: Unable to find an exact match for CDP version 114, so returning the closest version found: 113
]]></system-err>
  </testcase>
  <testcase name="LoginErrorValidation[shetty@gmail.com, Iamking@000](2)" classname="com.ecommerce.testcases.TC_002_ExcelTest" time="0.332">
    <system-out><![CDATA[06-08-2023 10:15:52 Base.java INFO  [main] testcomponents.Base 117 - ******browser closed*****
06-08-2023 10:15:54 Base.java INFO  [main] testcomponents.Base 79 - ******browser launched****
06-08-2023 10:15:57 Base.java INFO  [main] testcomponents.Base 83 - ****entered into the url*****
06-08-2023 10:15:57 TC_002_ExcelTest.java INFO  [main] testcomponents.Base 43 - ******login data from excel*****
]]></system-out>
    <system-err><![CDATA[Jun 08, 2023 10:15:52 AM org.openqa.selenium.manager.SeleniumManager getDriverPath
INFO: Applicable driver not found; attempting to install with Selenium Manager (Beta)
Starting ChromeDriver 114.0.5735.90 (386bc09e8f4f2e025eddae123f36f6263096ae49-refs/branch-heads/5735@{#1052}) on port 29260
Only local connections are allowed.
Please see https://chromedriver.chromium.org/security-considerations for suggestions on keeping ChromeDriver safe.
ChromeDriver was started successfully.
Jun 08, 2023 10:15:54 AM org.openqa.selenium.devtools.CdpVersionFinder findNearestMatch
WARNING: Unable to find an exact match for CDP version 114, so returning the closest version found: 113
]]></system-err>
  </testcase>
  <testcase name="loginErrorValidate" classname="com.ecommerce.testcases.TC_001_LoginTest" time="0.767">
    <system-out><![CDATA[06-08-2023 10:15:57 Base.java INFO  [main] testcomponents.Base 117 - ******browser closed*****
06-08-2023 10:15:59 Base.java INFO  [main] testcomponents.Base 79 - ******browser launched****
06-08-2023 10:16:02 Base.java INFO  [main] testcomponents.Base 83 - ****entered into the url*****
06-08-2023 10:16:02 TC_001_LoginTest.java INFO  [main] testcomponents.Base 30 - ******login error validation invalid data*****
06-08-2023 10:16:02 TC_001_LoginTest.java INFO  [main] testcomponents.Base 32 - ******entered invalid credentials*****
06-08-2023 10:16:02 TC_001_LoginTest.java INFO  [main] testcomponents.Base 34 - ****** error msg displayed*****
Incorrect email or password.
]]></system-out>
    <system-err><![CDATA[Jun 08, 2023 10:15:57 AM org.openqa.selenium.manager.SeleniumManager getDriverPath
INFO: Applicable driver not found; attempting to install with Selenium Manager (Beta)
Starting ChromeDriver 114.0.5735.90 (386bc09e8f4f2e025eddae123f36f6263096ae49-refs/branch-heads/5735@{#1052}) on port 45697
Only local connections are allowed.
Please see https://chromedriver.chromium.org/security-considerations for suggestions on keeping ChromeDriver safe.
ChromeDriver was started successfully.
Jun 08, 2023 10:15:59 AM org.openqa.selenium.devtools.CdpVersionFinder findNearestMatch
WARNING: Unable to find an exact match for CDP version 114, so returning the closest version found: 113
]]></system-err>
  </testcase>
  <testcase name="loginValidation" classname="com.ecommerce.testcases.TC_001_LoginTest" time="0.372">
    <system-out><![CDATA[06-08-2023 10:16:02 Base.java INFO  [main] testcomponents.Base 117 - ******browser closed*****
06-08-2023 10:16:04 Base.java INFO  [main] testcomponents.Base 79 - ******browser launched****
06-08-2023 10:16:07 Base.java INFO  [main] testcomponents.Base 83 - ****entered into the url*****
06-08-2023 10:16:07 TC_001_LoginTest.java INFO  [main] testcomponents.Base 13 - ******login validation test with valid data*****
06-08-2023 10:16:07 TC_001_LoginTest.java INFO  [main] testcomponents.Base 15 - ******entered valid credentials*****
06-08-2023 10:16:07 TC_001_LoginTest.java INFO  [main] testcomponents.Base 19 - ******title matched*****
]]></system-out>
    <system-err><![CDATA[Jun 08, 2023 10:16:02 AM org.openqa.selenium.manager.SeleniumManager getDriverPath
INFO: Applicable driver not found; attempting to install with Selenium Manager (Beta)
Starting ChromeDriver 114.0.5735.90 (386bc09e8f4f2e025eddae123f36f6263096ae49-refs/branch-heads/5735@{#1052}) on port 35341
Only local connections are allowed.
Please see https://chromedriver.chromium.org/security-considerations for suggestions on keeping ChromeDriver safe.
ChromeDriver was started successfully.
Jun 08, 2023 10:16:04 AM org.openqa.selenium.devtools.CdpVersionFinder findNearestMatch
WARNING: Unable to find an exact match for CDP version 114, so returning the closest version found: 113
]]></system-err>
  </testcase>
  <testcase name="submitOrder[{password=P@vilion5, product=IPHONE 13 PRO, email=automation2023@gmail.com}](1)" classname="com.ecommerce.testcases.TC_003_JsonTest" time="20.587">
    <system-out><![CDATA[06-08-2023 10:16:07 Base.java INFO  [main] testcomponents.Base 117 - ******browser closed*****
06-08-2023 10:16:09 Base.java INFO  [main] testcomponents.Base 79 - ******browser launched****
06-08-2023 10:16:12 Base.java INFO  [main] testcomponents.Base 83 - ****entered into the url*****
06-08-2023 10:16:12 TC_003_JsonTest.java INFO  [main] testcomponents.Base 30 - ******user enterde the credential login success*****
06-08-2023 10:16:31 TC_003_JsonTest.java INFO  [main] testcomponents.Base 33 - ******product added success*****
06-08-2023 10:16:31 TC_003_JsonTest.java INFO  [main] testcomponents.Base 35 - ******entered cart page success*****
06-08-2023 10:16:31 TC_003_JsonTest.java INFO  [main] testcomponents.Base 40 - *****item matched with cart page success*****
]]></system-out>
    <system-err><![CDATA[Jun 08, 2023 10:16:07 AM org.openqa.selenium.remote.http.WebSocket$Listener onError
WARNING: Connection reset
java.net.SocketException: Connection reset
	at java.base/sun.nio.ch.SocketChannelImpl.throwConnectionReset(SocketChannelImpl.java:394)
	at java.base/sun.nio.ch.SocketChannelImpl.read(SocketChannelImpl.java:426)
	at io.netty.buffer.PooledByteBuf.setBytes(PooledByteBuf.java:256)
	at io.netty.buffer.AbstractByteBuf.writeBytes(AbstractByteBuf.java:1132)
	at io.netty.channel.socket.nio.NioSocketChannel.doReadBytes(NioSocketChannel.java:357)
	at io.netty.channel.nio.AbstractNioByteChannel$NioByteUnsafe.read(AbstractNioByteChannel.java:151)
	at io.netty.channel.nio.NioEventLoop.processSelectedKey(NioEventLoop.java:788)
	at io.netty.channel.nio.NioEventLoop.processSelectedKeysOptimized(NioEventLoop.java:724)
	at io.netty.channel.nio.NioEventLoop.processSelectedKeys(NioEventLoop.java:650)
	at io.netty.channel.nio.NioEventLoop.run(NioEventLoop.java:562)
	at io.netty.util.concurrent.SingleThreadEventExecutor$4.run(SingleThreadEventExecutor.java:997)
	at io.netty.util.internal.ThreadExecutorMap$2.run(ThreadExecutorMap.java:74)
	at io.netty.util.concurrent.FastThreadLocalRunnable.run(FastThreadLocalRunnable.java:30)
	at java.base/java.lang.Thread.run(Thread.java:833)

Jun 08, 2023 10:16:07 AM org.openqa.selenium.manager.SeleniumManager getDriverPath
INFO: Applicable driver not found; attempting to install with Selenium Manager (Beta)
Starting ChromeDriver 114.0.5735.90 (386bc09e8f4f2e025eddae123f36f6263096ae49-refs/branch-heads/5735@{#1052}) on port 23034
Only local connections are allowed.
Please see https://chromedriver.chromium.org/security-considerations for suggestions on keeping ChromeDriver safe.
ChromeDriver was started successfully.
Jun 08, 2023 10:16:09 AM org.openqa.selenium.devtools.CdpVersionFinder findNearestMatch
WARNING: Unable to find an exact match for CDP version 114, so returning the closest version found: 113
]]></system-err>
  </testcase>
  <testcase name="submitOrder[{password=P@vilion5, product=ADIDAS ORIGINAL, email=automation2023@gmail.com}](2)" classname="com.ecommerce.testcases.TC_003_JsonTest" time="20.262">
    <system-out><![CDATA[06-08-2023 10:16:32 Base.java INFO  [main] testcomponents.Base 117 - ******browser closed*****
06-08-2023 10:16:34 Base.java INFO  [main] testcomponents.Base 79 - ******browser launched****
06-08-2023 10:16:37 Base.java INFO  [main] testcomponents.Base 83 - ****entered into the url*****
06-08-2023 10:16:37 TC_003_JsonTest.java INFO  [main] testcomponents.Base 30 - ******user enterde the credential login success*****
06-08-2023 10:16:55 TC_003_JsonTest.java INFO  [main] testcomponents.Base 33 - ******product added success*****
06-08-2023 10:16:55 TC_003_JsonTest.java INFO  [main] testcomponents.Base 35 - ******entered cart page success*****
06-08-2023 10:16:56 TC_003_JsonTest.java INFO  [main] testcomponents.Base 40 - *****item matched with cart page success*****
]]></system-out>
    <system-err><![CDATA[Jun 08, 2023 10:16:32 AM org.openqa.selenium.manager.SeleniumManager getDriverPath
INFO: Applicable driver not found; attempting to install with Selenium Manager (Beta)
Starting ChromeDriver 114.0.5735.90 (386bc09e8f4f2e025eddae123f36f6263096ae49-refs/branch-heads/5735@{#1052}) on port 11228
Only local connections are allowed.
Please see https://chromedriver.chromium.org/security-considerations for suggestions on keeping ChromeDriver safe.
ChromeDriver was started successfully.
Jun 08, 2023 10:16:34 AM org.openqa.selenium.devtools.CdpVersionFinder findNearestMatch
WARNING: Unable to find an exact match for CDP version 114, so returning the closest version found: 113
]]></system-err>
  </testcase>
  <testcase name="orderHistoryTest" classname="com.ecommerce.testcases.TC_003_JsonTest" time="0.909">
    <system-out><![CDATA[06-08-2023 10:16:57 Base.java INFO  [main] testcomponents.Base 117 - ******browser closed*****
06-08-2023 10:16:59 Base.java INFO  [main] testcomponents.Base 79 - ******browser launched****
06-08-2023 10:17:01 Base.java INFO  [main] testcomponents.Base 83 - ****entered into the url*****
06-08-2023 10:17:01 TC_003_JsonTest.java INFO  [main] testcomponents.Base 59 - ******Order history test method*****
06-08-2023 10:17:02 TC_003_JsonTest.java INFO  [main] testcomponents.Base 62 - ******loged in order history with valid data*****
06-08-2023 10:17:02 TC_003_JsonTest.java INFO  [main] testcomponents.Base 64 - ******view the order from order page*****
06-08-2023 10:17:02 TC_003_JsonTest.java INFO  [main] testcomponents.Base 67 - ******verified order is matched*****
]]></system-out>
    <system-err><![CDATA[Jun 08, 2023 10:16:57 AM org.openqa.selenium.manager.SeleniumManager getDriverPath
INFO: Applicable driver not found; attempting to install with Selenium Manager (Beta)
Starting ChromeDriver 114.0.5735.90 (386bc09e8f4f2e025eddae123f36f6263096ae49-refs/branch-heads/5735@{#1052}) on port 20086
Only local connections are allowed.
Please see https://chromedriver.chromium.org/security-considerations for suggestions on keeping ChromeDriver safe.
ChromeDriver was started successfully.
Jun 08, 2023 10:16:58 AM org.openqa.selenium.devtools.CdpVersionFinder findNearestMatch
WARNING: Unable to find an exact match for CDP version 114, so returning the closest version found: 113
]]></system-err>
  </testcase>
</testsuite>