<?xml version="1.0" encoding="UTF-8"?>
<testng-results ignored="0" total="7" passed="7" failed="0" skipped="0">
  <reporter-output>
  </reporter-output>
  <suite started-at="2023-06-08T10:33:40 IST" name="Suite" finished-at="2023-06-08T10:35:18 IST" duration-ms="97822">
    <groups>
    </groups>
    <test started-at="2023-06-08T10:33:40 IST" name="completeframework" finished-at="2023-06-08T10:35:18 IST" duration-ms="97822">
      <class name="com.ecommerce.testcases.TC_003_JsonTest">
        <test-method is-config="true" signature="launchApplication()[pri:0, instance:com.ecommerce.testcases.TC_003_JsonTest@76b07f29]" started-at="2023-06-08T10:34:07 IST" name="launchApplication" finished-at="2023-06-08T10:34:14 IST" duration-ms="6600" status="PASS">
          <reporter-output>
          </reporter-output>
        </test-method> <!-- launchApplication -->
        <test-method signature="submitOrder(java.util.HashMap)[pri:0, instance:com.ecommerce.testcases.TC_003_JsonTest@76b07f29]" started-at="2023-06-08T10:34:14 IST" name="submitOrder" data-provider="getData" finished-at="2023-06-08T10:34:38 IST" duration-ms="24423" status="PASS">
          <params>
            <param index="0">
              <value>
                <![CDATA[{password=P@vilion5, product=IPHONE 13 PRO, email=automation2023@gmail.com}]]>
              </value>
            </param>
          </params>
          <reporter-output>
          </reporter-output>
        </test-method> <!-- submitOrder -->
        <test-method is-config="true" signature="tearDown()[pri:0, instance:com.ecommerce.testcases.TC_003_JsonTest@76b07f29]" started-at="2023-06-08T10:34:38 IST" name="tearDown" finished-at="2023-06-08T10:34:38 IST" duration-ms="143" status="PASS">
          <reporter-output>
          </reporter-output>
        </test-method> <!-- tearDown -->
        <test-method is-config="true" signature="launchApplication()[pri:0, instance:com.ecommerce.testcases.TC_003_JsonTest@76b07f29]" started-at="2023-06-08T10:34:38 IST" name="launchApplication" finished-at="2023-06-08T10:34:46 IST" duration-ms="7880" status="PASS">
          <reporter-output>
          </reporter-output>
        </test-method> <!-- launchApplication -->
        <test-method signature="submitOrder(java.util.HashMap)[pri:0, instance:com.ecommerce.testcases.TC_003_JsonTest@76b07f29]" started-at="2023-06-08T10:34:46 IST" name="submitOrder" data-provider="getData" finished-at="2023-06-08T10:35:09 IST" duration-ms="22211" status="PASS">
          <params>
            <param index="0">
              <value>
                <![CDATA[{password=P@vilion5, product=ADIDAS ORIGINAL, email=automation2023@gmail.com}]]>
              </value>
            </param>
          </params>
          <reporter-output>
          </reporter-output>
        </test-method> <!-- submitOrder -->
        <test-method is-config="true" signature="tearDown()[pri:0, instance:com.ecommerce.testcases.TC_003_JsonTest@76b07f29]" started-at="2023-06-08T10:35:09 IST" name="tearDown" finished-at="2023-06-08T10:35:09 IST" duration-ms="118" status="PASS">
          <reporter-output>
          </reporter-output>
        </test-method> <!-- tearDown -->
        <test-method is-config="true" signature="launchApplication()[pri:0, instance:com.ecommerce.testcases.TC_003_JsonTest@76b07f29]" started-at="2023-06-08T10:35:09 IST" name="launchApplication" finished-at="2023-06-08T10:35:15 IST" duration-ms="6413" status="PASS">
          <reporter-output>
          </reporter-output>
        </test-method> <!-- launchApplication -->
        <test-method signature="orderHistoryTest()[pri:0, instance:com.ecommerce.testcases.TC_003_JsonTest@76b07f29]" started-at="2023-06-08T10:35:15 IST" name="orderHistoryTest" finished-at="2023-06-08T10:35:18 IST" depends-on-methods="com.ecommerce.testcases.TC_003_JsonTest.submitOrder" duration-ms="2602" status="PASS">
          <reporter-output>
          </reporter-output>
        </test-method> <!-- orderHistoryTest -->
        <test-method is-config="true" signature="tearDown()[pri:0, instance:com.ecommerce.testcases.TC_003_JsonTest@76b07f29]" started-at="2023-06-08T10:35:18 IST" name="tearDown" finished-at="2023-06-08T10:35:18 IST" duration-ms="115" status="PASS">
          <reporter-output>
          </reporter-output>
        </test-method> <!-- tearDown -->
      </class> <!-- com.ecommerce.testcases.TC_003_JsonTest -->
      <class name="com.ecommerce.testcases.TC_002_ExcelTest">
        <test-method is-config="true" signature="launchApplication()[pri:0, instance:com.ecommerce.testcases.TC_002_ExcelTest@730d2164]" started-at="2023-06-08T10:33:41 IST" name="launchApplication" finished-at="2023-06-08T10:33:47 IST" duration-ms="6112" status="PASS">
          <reporter-output>
          </reporter-output>
        </test-method> <!-- launchApplication -->
        <test-method signature="LoginErrorValidation(java.lang.String,java.lang.String)[pri:0, instance:com.ecommerce.testcases.TC_002_ExcelTest@730d2164]" started-at="2023-06-08T10:33:47 IST" name="LoginErrorValidation" data-provider="LoginData" finished-at="2023-06-08T10:33:48 IST" duration-ms="405" status="PASS">
          <params>
            <param index="0">
              <value>
                <![CDATA[automation2023@gmail.com]]>
              </value>
            </param>
            <param index="1">
              <value>
                <![CDATA[P@vilion5]]>
              </value>
            </param>
          </params>
          <reporter-output>
          </reporter-output>
        </test-method> <!-- LoginErrorValidation -->
        <test-method is-config="true" signature="tearDown()[pri:0, instance:com.ecommerce.testcases.TC_002_ExcelTest@730d2164]" started-at="2023-06-08T10:33:48 IST" name="tearDown" finished-at="2023-06-08T10:33:48 IST" duration-ms="134" status="PASS">
          <reporter-output>
          </reporter-output>
        </test-method> <!-- tearDown -->
        <test-method is-config="true" signature="launchApplication()[pri:0, instance:com.ecommerce.testcases.TC_002_ExcelTest@730d2164]" started-at="2023-06-08T10:33:48 IST" name="launchApplication" finished-at="2023-06-08T10:33:55 IST" duration-ms="6972" status="PASS">
          <reporter-output>
          </reporter-output>
        </test-method> <!-- launchApplication -->
        <test-method signature="LoginErrorValidation(java.lang.String,java.lang.String)[pri:0, instance:com.ecommerce.testcases.TC_002_ExcelTest@730d2164]" started-at="2023-06-08T10:33:55 IST" name="LoginErrorValidation" data-provider="LoginData" finished-at="2023-06-08T10:33:55 IST" duration-ms="387" status="PASS">
          <params>
            <param index="0">
              <value>
                <![CDATA[shetty@gmail.com]]>
              </value>
            </param>
            <param index="1">
              <value>
                <![CDATA[Iamking@000]]>
              </value>
            </param>
          </params>
          <reporter-output>
          </reporter-output>
        </test-method> <!-- LoginErrorValidation -->
        <test-method is-config="true" signature="tearDown()[pri:0, instance:com.ecommerce.testcases.TC_002_ExcelTest@730d2164]" started-at="2023-06-08T10:33:55 IST" name="tearDown" finished-at="2023-06-08T10:33:55 IST" duration-ms="127" status="PASS">
          <reporter-output>
          </reporter-output>
        </test-method> <!-- tearDown -->
      </class> <!-- com.ecommerce.testcases.TC_002_ExcelTest -->
      <class name="com.ecommerce.testcases.TC_001_LoginTest">
        <test-method is-config="true" signature="launchApplication()[pri:0, instance:com.ecommerce.testcases.TC_001_LoginTest@238d68ff]" started-at="2023-06-08T10:33:55 IST" name="launchApplication" finished-at="2023-06-08T10:34:00 IST" duration-ms="4790" status="PASS">
          <reporter-output>
          </reporter-output>
        </test-method> <!-- launchApplication -->
        <test-method signature="loginErrorValidate()[pri:0, instance:com.ecommerce.testcases.TC_001_LoginTest@238d68ff]" started-at="2023-06-08T10:34:00 IST" name="loginErrorValidate" finished-at="2023-06-08T10:34:01 IST" duration-ms="750" status="PASS">
          <reporter-output>
          </reporter-output>
        </test-method> <!-- loginErrorValidate -->
        <test-method is-config="true" signature="tearDown()[pri:0, instance:com.ecommerce.testcases.TC_001_LoginTest@238d68ff]" started-at="2023-06-08T10:34:01 IST" name="tearDown" finished-at="2023-06-08T10:34:01 IST" duration-ms="109" status="PASS">
          <reporter-output>
          </reporter-output>
        </test-method> <!-- tearDown -->
        <test-method is-config="true" signature="launchApplication()[pri:0, instance:com.ecommerce.testcases.TC_001_LoginTest@238d68ff]" started-at="2023-06-08T10:34:01 IST" name="launchApplication" finished-at="2023-06-08T10:34:06 IST" duration-ms="5524" status="PASS">
          <reporter-output>
          </reporter-output>
        </test-method> <!-- launchApplication -->
        <test-method signature="loginValidation()[pri:0, instance:com.ecommerce.testcases.TC_001_LoginTest@238d68ff]" started-at="2023-06-08T10:34:06 IST" name="loginValidation" finished-at="2023-06-08T10:34:07 IST" duration-ms="396" status="PASS">
          <reporter-output>
          </reporter-output>
        </test-method> <!-- loginValidation -->
        <test-method is-config="true" signature="tearDown()[pri:0, instance:com.ecommerce.testcases.TC_001_LoginTest@238d68ff]" started-at="2023-06-08T10:34:07 IST" name="tearDown" finished-at="2023-06-08T10:34:07 IST" duration-ms="126" status="PASS">
          <reporter-output>
          </reporter-output>
        </test-method> <!-- tearDown -->
      </class> <!-- com.ecommerce.testcases.TC_001_LoginTest -->
    </test> <!-- completeframework -->
  </suite> <!-- Suite -->
</testng-results>
